[2026-01-16T18:13:28.650Z] [INFO]: Test log info {"foo":"bar"}
[2026-01-16T18:13:28.651Z] [ERROR]: Test log error Error: Something broke
    at <anonymous> (/home/minhanh/Projects/outsource/massage/massage-management/scripts/test-logger.ts:5:32)
    at Object.<anonymous> (/home/minhanh/Projects/outsource/massage/massage-management/scripts/test-logger.ts:6:51)
    at Module._compile (node:internal/modules/cjs/loader:1529:14)
    at Object.transformer (/home/minhanh/Projects/outsource/massage/massage-management/node_modules/tsx/dist/register-D46fvsV_.cjs:3:1104)
    at Module.load (node:internal/modules/cjs/loader:1275:32)
    at Module._load (node:internal/modules/cjs/loader:1096:12)
    at cjsLoader (node:internal/modules/esm/translators:298:15)
    at ModuleWrap.<anonymous> (node:internal/modules/esm/translators:240:7)
    at ModuleJob.run (node:internal/modules/esm/module_job:263:25)
    at async ModuleLoader.import (node:internal/modules/esm/loader:540:24)
[2026-01-16T18:14:09.266Z] [ERROR]: Invalid password {"email":"admin@example.com"}
[2026-01-16T18:15:23.477Z] [INFO]: Checking password {"email":"admin@example.com","providedLength":8,"storedHashStart":"$2b$10$YiX"}
[2026-01-16T18:15:23.549Z] [INFO]: Password check result {"isValid":false}
[2026-01-16T18:15:23.549Z] [ERROR]: Invalid password {"email":"admin@example.com"}
[2026-01-16T18:15:50.242Z] [INFO]: Checking password {"email":"admin@example.com","providedLength":11,"storedHashStart":"$2b$10$YiX"}
[2026-01-16T18:15:50.305Z] [INFO]: Password check result {"isValid":true}
[2026-01-16T18:15:50.305Z] [INFO]: User authenticated successfully {"email":"admin@example.com","id":"02a101b9-7729-4c30-ba9d-50b82fd2bb14"}
[2026-01-16T18:19:35.504Z] [INFO]: Checking password {"email":"hoan@gmail.com","providedLength":8,"storedHashStart":"$2b$10$I2O"}
[2026-01-16T18:19:35.581Z] [INFO]: Password check result {"isValid":true}
[2026-01-16T18:19:35.582Z] [INFO]: User authenticated successfully {"email":"hoan@gmail.com","id":"1d525d57-fcbd-473d-973d-2138eaec0dd5"}
[2026-01-16T19:45:37.527Z] [INFO]: Checking password {"email":"ninh@gmail.com","providedLength":8,"storedHashStart":"$2b$10$d3Z"}
[2026-01-16T19:45:37.602Z] [INFO]: Password check result {"isValid":true}
[2026-01-16T19:45:37.602Z] [INFO]: User authenticated successfully {"email":"ninh@gmail.com","id":"29dac8f1-651f-42c9-b060-e26bece3b810"}
[2026-01-16T20:00:09.042Z] [INFO]: Checking password {"email":"ninh@gmail.com","providedLength":8,"storedHashStart":"$2b$10$d3Z"}
[2026-01-16T20:00:09.114Z] [INFO]: Password check result {"isValid":true}
[2026-01-16T20:00:09.114Z] [INFO]: User authenticated successfully {"email":"ninh@gmail.com","id":"29dac8f1-651f-42c9-b060-e26bece3b810"}
[2026-01-22T02:48:45.578Z] [INFO]: Checking password {"email":"hoan@gmail.com","providedLength":8,"storedHashStart":"$2b$10$I2O"}
[2026-01-22T02:48:45.706Z] [INFO]: Password check result {"isValid":true}
[2026-01-22T02:48:45.706Z] [INFO]: User authenticated successfully {"email":"hoan@gmail.com","id":"1d525d57-fcbd-473d-973d-2138eaec0dd5"}
[2026-01-22T06:34:17.977Z] [INFO]: Checking password {"email":"hoan@gmail.com","providedLength":8,"storedHashStart":"$2b$10$I2O"}
[2026-01-22T06:34:18.045Z] [INFO]: Password check result {"isValid":true}
[2026-01-22T06:34:18.046Z] [INFO]: User authenticated successfully {"email":"hoan@gmail.com","id":"1d525d57-fcbd-473d-973d-2138eaec0dd5"}
[2026-01-22T07:42:05.422Z] [INFO]: Checking password {"email":"hoan@gmail.com","providedLength":8,"storedHashStart":"$2b$10$I2O"}
[2026-01-22T07:42:05.495Z] [INFO]: Password check result {"isValid":true}
[2026-01-22T07:42:05.495Z] [INFO]: User authenticated successfully {"email":"hoan@gmail.com","id":"1d525d57-fcbd-473d-973d-2138eaec0dd5"}
[2026-01-22T10:31:04.527Z] [INFO]: Checking password {"email":"staff1@example.com","providedLength":11,"storedHashStart":"$2b$10$6IF"}
[2026-01-22T10:31:04.598Z] [INFO]: Password check result {"isValid":true}
[2026-01-22T10:31:04.598Z] [INFO]: User authenticated successfully {"email":"staff1@example.com","id":"655a2d64-20c8-49c8-98b9-92b8a5c731dc"}
[2026-01-22T11:07:49.983Z] [INFO]: Checking password {"email":"hoan@gmail.com","providedLength":8,"storedHashStart":"$2b$10$I2O"}
[2026-01-22T11:07:50.045Z] [INFO]: Password check result {"isValid":true}
[2026-01-22T11:07:50.045Z] [INFO]: User authenticated successfully {"email":"hoan@gmail.com","id":"1d525d57-fcbd-473d-973d-2138eaec0dd5"}
[2026-01-22T11:10:31.223Z] [INFO]: Checking password {"email":"hoan@gmail.com","providedLength":8,"storedHashStart":"$2b$10$I2O"}
[2026-01-22T11:10:31.293Z] [INFO]: Password check result {"isValid":true}
[2026-01-22T11:10:31.293Z] [INFO]: User authenticated successfully {"email":"hoan@gmail.com","id":"1d525d57-fcbd-473d-973d-2138eaec0dd5"}
[2026-01-22T11:11:05.737Z] [INFO]: Checking password {"email":"hoan@gmail.com","providedLength":8,"storedHashStart":"$2b$10$I2O"}
[2026-01-22T11:11:05.807Z] [INFO]: Password check result {"isValid":true}
[2026-01-22T11:11:05.807Z] [INFO]: User authenticated successfully {"email":"hoan@gmail.com","id":"1d525d57-fcbd-473d-973d-2138eaec0dd5"}
[2026-01-22T11:13:32.176Z] [INFO]: Checking password {"email":"hoan@gmail.com","providedLength":8,"storedHashStart":"$2b$10$I2O"}
[2026-01-22T11:13:32.246Z] [INFO]: Password check result {"isValid":true}
[2026-01-22T11:13:32.247Z] [INFO]: User authenticated successfully {"email":"hoan@gmail.com","id":"1d525d57-fcbd-473d-973d-2138eaec0dd5"}
[2026-01-22T11:14:49.979Z] [INFO]: Checking password {"email":"admin@example.com","providedLength":8,"storedHashStart":"$2b$10$6IF"}
[2026-01-22T11:14:50.041Z] [INFO]: Password check result {"isValid":false}
[2026-01-22T11:14:50.042Z] [ERROR]: Invalid password {"email":"admin@example.com"}
[2026-01-22T11:14:57.055Z] [INFO]: Checking password {"email":"admin@example.com","providedLength":11,"storedHashStart":"$2b$10$6IF"}
[2026-01-22T11:14:57.123Z] [INFO]: Password check result {"isValid":true}
[2026-01-22T11:14:57.124Z] [INFO]: User authenticated successfully {"email":"admin@example.com","id":"02a101b9-7729-4c30-ba9d-50b82fd2bb14"}
[2026-01-22T12:49:21.958Z] [INFO]: Checking password {"email":"admin@example.com","providedLength":11,"storedHashStart":"$2b$10$6IF"}
[2026-01-22T12:49:22.021Z] [INFO]: Password check result {"isValid":true}
[2026-01-22T12:49:22.021Z] [INFO]: User authenticated successfully {"email":"admin@example.com","id":"02a101b9-7729-4c30-ba9d-50b82fd2bb14"}
[2026-01-23T04:00:42.633Z] [INFO]: Checking password {"email":"hoan@gmail.com","providedLength":8,"storedHashStart":"$2b$10$I2O"}
[2026-01-23T04:00:42.698Z] [INFO]: Password check result {"isValid":true}
[2026-01-23T04:00:42.699Z] [INFO]: User authenticated successfully {"email":"hoan@gmail.com","id":"1d525d57-fcbd-473d-973d-2138eaec0dd5"}
[2026-01-23T04:03:18.323Z] [INFO]: Checking password {"email":"admin@example.com","providedLength":11,"storedHashStart":"$2b$10$6IF"}
[2026-01-23T04:03:18.383Z] [INFO]: Password check result {"isValid":true}
[2026-01-23T04:03:18.384Z] [INFO]: User authenticated successfully {"email":"admin@example.com","id":"02a101b9-7729-4c30-ba9d-50b82fd2bb14"}
[2026-01-23T13:23:52.979Z] [INFO]: Checking password {"email":"admin@example.com","providedLength":11,"storedHashStart":"$2b$10$1tz"}
[2026-01-23T13:23:53.050Z] [INFO]: Password check result {"isValid":true}
[2026-01-23T13:23:53.050Z] [INFO]: User authenticated successfully {"email":"admin@example.com","id":"981e09ca-338d-47b7-9755-4abf74e4e6ec"}
